<?xml version="1.0" encoding="UTF-8"?>
<testng-results ignored="0" total="1" passed="1" failed="0" skipped="0">
  <reporter-output>
  </reporter-output>
  <suite started-at="2023-11-14T22:45:36 IST" name="Default suite" finished-at="2023-11-14T22:45:55 IST" duration-ms="18692">
    <groups>
    </groups>
    <test started-at="2023-11-14T22:45:36 IST" name="Default test" finished-at="2023-11-14T22:45:55 IST" duration-ms="18692">
      <class name="testngpkg.Mouseoverpgm">
        <test-method is-config="true" signature="setUp()[pri:0, instance:testngpkg.Mouseoverpgm@20140db9]" started-at="2023-11-14T22:45:36 IST" name="setUp" finished-at="2023-11-14T22:45:49 IST" duration-ms="12909" status="PASS">
          <reporter-output>
          </reporter-output>
        </test-method> <!-- setUp -->
        <test-method signature="test()[pri:0, instance:testngpkg.Mouseoverpgm@20140db9]" started-at="2023-11-14T22:45:49 IST" name="test" finished-at="2023-11-14T22:45:55 IST" duration-ms="5694" status="PASS">
          <reporter-output>
          </reporter-output>
        </test-method> <!-- test -->
      </class> <!-- testngpkg.Mouseoverpgm -->
    </test> <!-- Default test -->
  </suite> <!-- Default suite -->
</testng-results>
